d:\document\users\x\desktop\fivechess_cx\fivechess\fivechess\debug\fivechess.pch
d:\document\users\x\desktop\fivechess_cx\fivechess\fivechess\debug\vc140.pdb
d:\document\users\x\desktop\fivechess_cx\fivechess\fivechess\debug\vc140.idb
d:\document\users\x\desktop\fivechess_cx\fivechess\fivechess\debug\stdafx.obj
d:\document\users\x\desktop\fivechess_cx\fivechess\fivechess\debug\fivechess.obj
d:\document\users\x\desktop\fivechess_cx\fivechess\fivechess\debug\internetdlg.obj
d:\document\users\x\desktop\fivechess_cx\fivechess\fivechess\debug\mysocket.obj
d:\document\users\x\desktop\fivechess_cx\fivechess\fivechess\debug\fivechessdlg.obj
d:\document\users\x\desktop\fivechess_cx\fivechess\fivechess\debug\about.obj
d:\document\users\x\desktop\fivechess_cx\fivechess\debug\fivechess.ilk
d:\document\users\x\desktop\fivechess_cx\fivechess\debug\fivechess.exe
d:\document\users\x\desktop\fivechess_cx\fivechess\debug\fivechess.pdb
d:\document\users\x\desktop\fivechess_cx\fivechess\fivechess\debug\fivechess.res
d:\document\users\x\desktop\fivechess_cx\fivechess\fivechess\debug\fivechess.tlog\cl.command.1.tlog
d:\document\users\x\desktop\fivechess_cx\fivechess\fivechess\debug\fivechess.tlog\cl.read.1.tlog
d:\document\users\x\desktop\fivechess_cx\fivechess\fivechess\debug\fivechess.tlog\cl.write.1.tlog
d:\document\users\x\desktop\fivechess_cx\fivechess\fivechess\debug\fivechess.tlog\link.command.1.tlog
d:\document\users\x\desktop\fivechess_cx\fivechess\fivechess\debug\fivechess.tlog\link.read.1.tlog
d:\document\users\x\desktop\fivechess_cx\fivechess\fivechess\debug\fivechess.tlog\link.write.1.tlog
d:\document\users\x\desktop\fivechess_cx\fivechess\fivechess\debug\fivechess.tlog\rc.command.1.tlog
d:\document\users\x\desktop\fivechess_cx\fivechess\fivechess\debug\fivechess.tlog\rc.read.1.tlog
d:\document\users\x\desktop\fivechess_cx\fivechess\fivechess\debug\fivechess.tlog\rc.write.1.tlog
